<?xml version="1.0" encoding="UTF-8"?>
<!-- Generated by org.testng.reporters.JUnitXMLReporter -->
<testsuite hostname="LAPTOP-434HGMQB" name="Default test" tests="3" failures="0" timestamp="2 Aug 2021 05:04:54 GMT" time="58.29" errors="0">
  <testcase name="RefillAlertApproveaction" time="2.99" classname="com.ys.h2hdrx.webmodule.PendingRefillAlerts"/>
  <testcase name="RefillAlertdeniedaction" time="21.381" classname="com.ys.h2hdrx.webmodule.PendingRefillAlerts"/>
  <testcase name="RefillAlertReplaceaction" time="2.94" classname="com.ys.h2hdrx.webmodule.PendingRefillAlerts"/>
</testsuite> <!-- Default test -->
